<?xml version="1.0" encoding="UTF-8"?>
<!-- Generated by org.testng.reporters.JUnitXMLReporter -->
<testsuite ignored="0" hostname="DESKTOP-GE4QGGA" failures="0" tests="3" name="Default test" time="103.48" errors="0" timestamp="2024-07-24T10:35:53 IST">
  <testcase classname="testcases.Login" name="create_account" time="21.034"/>
  <testcase classname="testcases.Login" name="sign_in" time="0.136"/>
  <testcase classname="testcases.Login" name="sign_out" time="2.122"/>
</testsuite> <!-- Default test -->
