<?xml version="1.0" encoding="UTF-8"?>
<!-- Generated by org.testng.reporters.JUnitXMLReporter -->
<testsuite ignored="4" hostname="DESKTOP-GE4QGGA" failures="0" tests="1" name="Default test" time="30.011" errors="0" timestamp="2024-07-28T18:50:55 IST">
  <testcase classname="testcases.SearchItems" name="add_item_to_wishlist" time="29.76"/>
  <testcase classname="testcases.SearchItems" name="search_items" time="0.0">
    <ignored/>
  </testcase> <!-- search_items -->
  <testcase classname="testcases.SearchItems" name="checkout_items_in_cart" time="0.0">
    <ignored/>
  </testcase> <!-- checkout_items_in_cart -->
  <testcase classname="testcases.SearchItems" name="add_item_to_cart" time="0.0">
    <ignored/>
  </testcase> <!-- add_item_to_cart -->
  <testcase classname="testcases.SearchItems" name="get_items_in_cart" time="0.0">
    <ignored/>
  </testcase> <!-- get_items_in_cart -->
</testsuite> <!-- Default test -->
