<?xml version="1.0" encoding="UTF-8"?>
<testng-results ignored="0" total="1" passed="1" failed="0" skipped="0">
  <reporter-output>
  </reporter-output>
  <suite started-at="2024-07-29T17:58:01 IST" name="Default suite" finished-at="2024-07-29T17:58:07 IST" duration-ms="6175">
    <groups>
    </groups>
    <test started-at="2024-07-29T17:58:01 IST" name="Default test" finished-at="2024-07-29T17:58:07 IST" duration-ms="6175">
      <class name="testcases.Login">
        <test-method is-config="true" signature="setUpSuite()[pri:0, instance:testcases.Login@c9413d8]" started-at="2024-07-29T17:57:56 IST" name="setUpSuite" finished-at="2024-07-29T17:58:01 IST" duration-ms="5177" status="PASS">
          <reporter-output>
          </reporter-output>
        </test-method> <!-- setUpSuite -->
        <test-method signature="sign_in()[pri:0, instance:testcases.Login@c9413d8]" started-at="2024-07-29T17:58:01 IST" name="sign_in" finished-at="2024-07-29T17:58:07 IST" duration-ms="5950" status="PASS">
          <reporter-output>
          </reporter-output>
        </test-method> <!-- sign_in -->
        <test-method is-config="true" signature="closeBroswer()[pri:0, instance:testcases.Login@c9413d8]" started-at="2024-07-29T17:58:07 IST" name="closeBroswer" finished-at="2024-07-29T17:58:07 IST" duration-ms="166" status="PASS">
          <reporter-output>
          </reporter-output>
        </test-method> <!-- closeBroswer -->
        <test-method is-config="true" signature="tearDownSuite()[pri:0, instance:testcases.Login@c9413d8]" started-at="2024-07-29T17:58:07 IST" name="tearDownSuite" finished-at="2024-07-29T17:58:08 IST" duration-ms="202" status="PASS">
          <reporter-output>
          </reporter-output>
        </test-method> <!-- tearDownSuite -->
      </class> <!-- testcases.Login -->
    </test> <!-- Default test -->
  </suite> <!-- Default suite -->
</testng-results>
