<?xml version="1.0" encoding="UTF-8"?>
<testng-results ignored="0" total="1" passed="1" failed="0" skipped="0">
  <reporter-output>
  </reporter-output>
  <suite started-at="2024-07-28T18:50:25 IST" name="Default suite" finished-at="2024-07-28T18:50:55 IST" duration-ms="30011">
    <groups>
    </groups>
    <test started-at="2024-07-28T18:50:25 IST" name="Default test" finished-at="2024-07-28T18:50:55 IST" duration-ms="30011">
      <class name="testcases.SearchItems">
        <test-method is-config="true" signature="setUpSuite()[pri:0, instance:testcases.SearchItems@2e9fda69]" started-at="2024-07-28T18:50:21 IST" name="setUpSuite" finished-at="2024-07-28T18:50:25 IST" duration-ms="4523" status="PASS">
          <reporter-output>
          </reporter-output>
        </test-method> <!-- setUpSuite -->
        <test-method signature="add_item_to_wishlist()[pri:0, instance:testcases.SearchItems@2e9fda69]" started-at="2024-07-28T18:50:26 IST" name="add_item_to_wishlist" finished-at="2024-07-28T18:50:55 IST" duration-ms="29760" status="PASS">
          <reporter-output>
          </reporter-output>
        </test-method> <!-- add_item_to_wishlist -->
        <test-method is-config="true" signature="tearDownSuite()[pri:0, instance:testcases.SearchItems@2e9fda69]" started-at="2024-07-28T18:50:56 IST" name="tearDownSuite" finished-at="2024-07-28T18:50:59 IST" duration-ms="2970" status="PASS">
          <reporter-output>
          </reporter-output>
        </test-method> <!-- tearDownSuite -->
      </class> <!-- testcases.SearchItems -->
    </test> <!-- Default test -->
  </suite> <!-- Default suite -->
</testng-results>
